/*C22*/SET SCHEMA PUBLIC
drop table hotel_booking if exists
create table hotel_booking (id bigint not null, hotel_name varchar(255), nb_of_night integer not null, price_per_night double not null, primary key (id))
create sequence hibernate_sequence start with 1
INSERT INTO HOTEL_BOOKING VALUES(10,'vegas-june',3,200.0E0)
INSERT INTO HOTEL_BOOKING VALUES(11,'panther-motel',3,150.0E0)
INSERT INTO HOTEL_BOOKING VALUES(12,'Ibis',3,250.0E0)
ALTER SEQUENCE PUBLIC.HIBERNATE_SEQUENCE RESTART WITH 2
COMMIT
drop table hotel_booking if exists
drop sequence hibernate_sequence
DISCONNECT
/*C21*/SET SCHEMA PUBLIC
DISCONNECT
/*C20*/SET SCHEMA PUBLIC
DISCONNECT
/*C19*/SET SCHEMA PUBLIC
DISCONNECT
/*C18*/SET SCHEMA PUBLIC
DISCONNECT
/*C17*/SET SCHEMA PUBLIC
DISCONNECT
/*C16*/SET SCHEMA PUBLIC
DISCONNECT
/*C15*/SET SCHEMA PUBLIC
DISCONNECT
/*C14*/SET SCHEMA PUBLIC
DISCONNECT
/*C13*/SET SCHEMA PUBLIC
DISCONNECT
